2018-02-16 18:33:21,846 INFO o.a.j.u.JMeterUtils: Setting Locale to en_US
2018-02-16 18:33:21,862 INFO o.a.j.JMeter: Loading user properties from: /home/jallen/code/apache-jmeter-3.3/bin/user.properties
2018-02-16 18:33:21,862 INFO o.a.j.JMeter: Loading system properties from: /home/jallen/code/apache-jmeter-3.3/bin/system.properties
2018-02-16 18:33:21,869 INFO o.a.j.JMeter: Copyright (c) 1998-2017 The Apache Software Foundation
2018-02-16 18:33:21,869 INFO o.a.j.JMeter: Version 3.3 r1808647
2018-02-16 18:33:21,869 INFO o.a.j.JMeter: java.version=1.8.0_161
2018-02-16 18:33:21,869 INFO o.a.j.JMeter: java.vm.name=OpenJDK 64-Bit Server VM
2018-02-16 18:33:21,869 INFO o.a.j.JMeter: os.name=Linux
2018-02-16 18:33:21,869 INFO o.a.j.JMeter: os.arch=amd64
2018-02-16 18:33:21,869 INFO o.a.j.JMeter: os.version=3.10.0-693.17.1.el7.x86_64
2018-02-16 18:33:21,869 INFO o.a.j.JMeter: file.encoding=UTF-8
2018-02-16 18:33:21,869 INFO o.a.j.JMeter: Max memory     =536870912
2018-02-16 18:33:21,869 INFO o.a.j.JMeter: Available Processors =4
2018-02-16 18:33:21,874 INFO o.a.j.JMeter: Default Locale=English (United States)
2018-02-16 18:33:21,874 INFO o.a.j.JMeter: JMeter  Locale=English (United States)
2018-02-16 18:33:21,874 INFO o.a.j.JMeter: JMeterHome=/home/jallen/code/apache-jmeter-3.3
2018-02-16 18:33:21,875 INFO o.a.j.JMeter: user.dir  =/home/jallen/code/conferences/opensource101
2018-02-16 18:33:21,875 INFO o.a.j.JMeter: PWD       =/home/jallen/code/conferences/opensource101
2018-02-16 18:33:21,875 INFO o.a.j.JMeter: IP: 127.0.0.1 Name: jallen.rdu.csb FullName: localhost.localdomain
2018-02-16 18:33:21,876 INFO o.a.j.JMeter: Setting property 'jmeter.reportgenerator.outputdir' to:'/home/jallen/code/conferences/opensource101/./output'
2018-02-16 18:33:21,877 INFO o.a.j.s.FileServer: Default base='/home/jallen/code/conferences/opensource101'
2018-02-16 18:33:21,877 INFO o.a.j.s.FileServer: Set new base='/home/jallen/code/conferences/opensource101'
2018-02-16 18:33:22,027 INFO o.a.j.s.SaveService: Testplan (JMX) version: 2.2. Testlog (JTL) version: 2.2
2018-02-16 18:33:22,041 INFO o.a.j.s.SaveService: Using SaveService properties file encoding UTF-8
2018-02-16 18:33:22,045 INFO o.a.j.s.SaveService: Using SaveService properties version 3.2
2018-02-16 18:33:22,050 INFO o.a.j.s.SaveService: Loading file: demo.jmx
2018-02-16 18:33:22,104 INFO o.a.j.p.h.s.HTTPSamplerBase: Parser for text/html is org.apache.jmeter.protocol.http.parser.LagartoBasedHtmlParser
2018-02-16 18:33:22,104 INFO o.a.j.p.h.s.HTTPSamplerBase: Parser for application/xhtml+xml is org.apache.jmeter.protocol.http.parser.LagartoBasedHtmlParser
2018-02-16 18:33:22,104 INFO o.a.j.p.h.s.HTTPSamplerBase: Parser for application/xml is org.apache.jmeter.protocol.http.parser.LagartoBasedHtmlParser
2018-02-16 18:33:22,104 INFO o.a.j.p.h.s.HTTPSamplerBase: Parser for text/xml is org.apache.jmeter.protocol.http.parser.LagartoBasedHtmlParser
2018-02-16 18:33:22,104 INFO o.a.j.p.h.s.HTTPSamplerBase: Parser for text/vnd.wap.wml is org.apache.jmeter.protocol.http.parser.RegexpHTMLParser
2018-02-16 18:33:22,104 INFO o.a.j.p.h.s.HTTPSamplerBase: Parser for text/css is org.apache.jmeter.protocol.http.parser.CssParser
2018-02-16 18:33:22,121 INFO o.a.j.JMeter: Creating summariser <summary>
2018-02-16 18:33:22,124 INFO o.a.j.r.d.ReportGenerator: ReportGenerator will use for Parsing the separator: ','
2018-02-16 18:33:22,124 INFO o.a.j.r.d.ReportGenerator: Will generate report at end of test from  results file: demo.jtl
2018-02-16 18:33:22,124 INFO o.a.j.r.d.ReportGenerator: Reading report generator properties from: /home/jallen/code/apache-jmeter-3.3/bin/reportgenerator.properties
2018-02-16 18:33:22,125 INFO o.a.j.r.d.ReportGenerator: Merging with JMeter properties
2018-02-16 18:33:22,128 INFO o.a.j.r.c.ReportGeneratorConfiguration: Property 'jmeter.reportgenerator.temp_dir' not found, using default value 'temp' instead.
2018-02-16 18:33:22,130 INFO o.a.j.r.c.ReportGeneratorConfiguration: Property 'jmeter.reportgenerator.apdex_per_transaction' not found, using default value 'null' instead.
2018-02-16 18:33:22,130 INFO o.a.j.r.c.ReportGeneratorConfiguration: apdex_per_transaction : {} is empty, not APDEX per transaction customization
2018-02-16 18:33:22,130 INFO o.a.j.r.c.ReportGeneratorConfiguration: Property 'jmeter.reportgenerator.sample_filter' not found, using default value 'null' instead.
2018-02-16 18:33:22,130 INFO o.a.j.r.c.ReportGeneratorConfiguration: Property 'jmeter.reportgenerator.report_title' not found, using default value 'null' instead.
2018-02-16 18:33:22,130 INFO o.a.j.r.c.ReportGeneratorConfiguration: Property 'jmeter.reportgenerator.start_date' not found, using default value 'null' instead.
2018-02-16 18:33:22,130 INFO o.a.j.r.c.ReportGeneratorConfiguration: Property 'jmeter.reportgenerator.end_date' not found, using default value 'null' instead.
2018-02-16 18:33:22,130 INFO o.a.j.r.c.ReportGeneratorConfiguration: Property 'jmeter.reportgenerator.date_format' not found, using default value 'null' instead.
2018-02-16 18:33:22,131 INFO o.a.j.r.c.ReportGeneratorConfiguration: Will use date range start date: null, end date: null
2018-02-16 18:33:22,135 INFO o.a.j.r.c.ReportGeneratorConfiguration: Property 'jmeter.reportgenerator.graph.activeThreadsOverTime.exclude_controllers' not found, using default value 'false' instead.
2018-02-16 18:33:22,135 INFO o.a.j.r.c.ReportGeneratorConfiguration: Property 'jmeter.reportgenerator.graph.timeVsThreads.exclude_controllers' not found, using default value 'false' instead.
2018-02-16 18:33:22,135 INFO o.a.j.r.c.ReportGeneratorConfiguration: Property 'jmeter.reportgenerator.graph.responseTimeDistribution.exclude_controllers' not found, using default value 'false' instead.
2018-02-16 18:33:22,135 INFO o.a.j.r.c.ReportGeneratorConfiguration: Property 'jmeter.reportgenerator.graph.transactionsPerSecond.exclude_controllers' not found, using default value 'false' instead.
2018-02-16 18:33:22,135 INFO o.a.j.r.c.ReportGeneratorConfiguration: Property 'jmeter.reportgenerator.graph.responseTimePercentiles.exclude_controllers' not found, using default value 'false' instead.
2018-02-16 18:33:22,135 INFO o.a.j.r.c.ReportGeneratorConfiguration: Property 'jmeter.reportgenerator.graph.responseTimePercentilesOverTime.exclude_controllers' not found, using default value 'false' instead.
2018-02-16 18:33:22,136 INFO o.a.j.r.c.ReportGeneratorConfiguration: Property 'jmeter.reportgenerator.graph.responseTimesOverTime.exclude_controllers' not found, using default value 'false' instead.
2018-02-16 18:33:22,136 INFO o.a.j.r.c.ReportGeneratorConfiguration: Property 'jmeter.reportgenerator.graph.connectTimeOverTime.exclude_controllers' not found, using default value 'false' instead.
2018-02-16 18:33:22,136 INFO o.a.j.r.c.ReportGeneratorConfiguration: Property 'jmeter.reportgenerator.graph.latenciesOverTime.exclude_controllers' not found, using default value 'false' instead.
2018-02-16 18:33:22,137 INFO o.a.j.r.c.ReportGeneratorConfiguration: Property 'jmeter.reportgenerator.exporter.html.filters_only_sample_series' not found, using default value 'true' instead.
2018-02-16 18:33:22,137 INFO o.a.j.r.c.ReportGeneratorConfiguration: Property 'jmeter.reportgenerator.exporter.html.series_filter' not found, using default value '' instead.
2018-02-16 18:33:22,137 INFO o.a.j.r.c.ReportGeneratorConfiguration: Property 'jmeter.reportgenerator.exporter.html.show_controllers_only' not found, using default value 'false' instead.
2018-02-16 18:33:22,141 INFO o.a.j.e.StandardJMeterEngine: Running the test!
2018-02-16 18:33:22,141 INFO o.a.j.s.SampleEvent: List of sample_variables: []
2018-02-16 18:33:22,141 INFO o.a.j.s.SampleEvent: List of sample_variables: []
2018-02-16 18:33:22,145 INFO o.a.j.e.u.CompoundVariable: Note: Function class names must contain the string: '.functions.'
2018-02-16 18:33:22,146 INFO o.a.j.e.u.CompoundVariable: Note: Function class names must not contain the string: '.gui.'
2018-02-16 18:33:22,504 INFO o.a.j.JMeter: Running test (1518824002504)
2018-02-16 18:33:22,549 INFO o.a.j.e.StandardJMeterEngine: Starting ThreadGroup: 1 : Thread Group
2018-02-16 18:33:22,549 INFO o.a.j.e.StandardJMeterEngine: Starting 10 threads for group Thread Group.
2018-02-16 18:33:22,549 INFO o.a.j.e.StandardJMeterEngine: Thread will continue on error
2018-02-16 18:33:22,550 INFO o.a.j.t.ThreadGroup: Starting thread group... number=1 threads=10 ramp-up=2 perThread=200.0 delayedStart=false
2018-02-16 18:33:22,558 INFO o.a.j.t.JMeterThread: Thread started: Thread Group 1-1
2018-02-16 18:33:22,561 INFO o.a.j.t.ThreadGroup: Started thread group number 1
2018-02-16 18:33:22,561 INFO o.a.j.e.StandardJMeterEngine: All thread groups have been started
2018-02-16 18:33:22,580 INFO o.a.j.p.h.s.HTTPHCAbstractImpl: Local host = jallen.rdu.csb
2018-02-16 18:33:22,584 INFO o.a.j.p.h.s.HTTPHC4Impl: HTTP request retry count = 0
2018-02-16 18:33:22,590 INFO o.a.j.s.SampleResult: Note: Sample TimeStamps are START times
2018-02-16 18:33:22,590 INFO o.a.j.s.SampleResult: sampleresult.default.encoding is set to ISO-8859-1
2018-02-16 18:33:22,590 INFO o.a.j.s.SampleResult: sampleresult.useNanoTime=true
2018-02-16 18:33:22,590 INFO o.a.j.s.SampleResult: sampleresult.nanoThreadSleep=5000
2018-02-16 18:33:22,763 INFO o.a.j.t.JMeterThread: Thread started: Thread Group 1-2
2018-02-16 18:33:22,959 INFO o.a.j.t.JMeterThread: Thread started: Thread Group 1-3
2018-02-16 18:33:23,160 INFO o.a.j.t.JMeterThread: Thread started: Thread Group 1-4
2018-02-16 18:33:23,360 INFO o.a.j.t.JMeterThread: Thread started: Thread Group 1-5
2018-02-16 18:33:23,560 INFO o.a.j.t.JMeterThread: Thread started: Thread Group 1-6
2018-02-16 18:33:23,761 INFO o.a.j.t.JMeterThread: Thread started: Thread Group 1-7
2018-02-16 18:33:23,961 INFO o.a.j.t.JMeterThread: Thread started: Thread Group 1-8
2018-02-16 18:33:24,161 INFO o.a.j.t.JMeterThread: Thread started: Thread Group 1-9
2018-02-16 18:33:24,361 INFO o.a.j.t.JMeterThread: Thread started: Thread Group 1-10
2018-02-16 18:33:28,457 INFO o.a.j.t.JMeterThread: Thread is done: Thread Group 1-2
2018-02-16 18:33:28,457 INFO o.a.j.t.JMeterThread: Thread finished: Thread Group 1-2
2018-02-16 18:33:28,503 INFO o.a.j.t.JMeterThread: Thread is done: Thread Group 1-1
2018-02-16 18:33:28,503 INFO o.a.j.t.JMeterThread: Thread finished: Thread Group 1-1
2018-02-16 18:33:29,189 INFO o.a.j.t.JMeterThread: Thread is done: Thread Group 1-3
2018-02-16 18:33:29,189 INFO o.a.j.t.JMeterThread: Thread finished: Thread Group 1-3
2018-02-16 18:33:29,475 INFO o.a.j.t.JMeterThread: Thread is done: Thread Group 1-5
2018-02-16 18:33:29,475 INFO o.a.j.t.JMeterThread: Thread finished: Thread Group 1-5
2018-02-16 18:33:29,762 INFO o.a.j.t.JMeterThread: Thread is done: Thread Group 1-4
2018-02-16 18:33:29,762 INFO o.a.j.t.JMeterThread: Thread finished: Thread Group 1-4
2018-02-16 18:33:29,766 INFO o.a.j.t.JMeterThread: Thread is done: Thread Group 1-7
2018-02-16 18:33:29,766 INFO o.a.j.t.JMeterThread: Thread finished: Thread Group 1-7
2018-02-16 18:33:29,870 INFO o.a.j.t.JMeterThread: Thread is done: Thread Group 1-6
2018-02-16 18:33:29,871 INFO o.a.j.t.JMeterThread: Thread finished: Thread Group 1-6
2018-02-16 18:33:30,430 INFO o.a.j.r.Summariser: summary +     28 in 00:00:08 =    3.5/s Avg:  2123 Min:   891 Max:  3036 Err:     0 (0.00%) Active: 3 Started: 10 Finished: 7
2018-02-16 18:33:30,430 INFO o.a.j.t.JMeterThread: Thread is done: Thread Group 1-10
2018-02-16 18:33:30,431 INFO o.a.j.t.JMeterThread: Thread finished: Thread Group 1-10
2018-02-16 18:33:30,474 INFO o.a.j.t.JMeterThread: Thread is done: Thread Group 1-9
2018-02-16 18:33:30,474 INFO o.a.j.t.JMeterThread: Thread finished: Thread Group 1-9
2018-02-16 18:33:30,557 INFO o.a.j.t.JMeterThread: Thread is done: Thread Group 1-8
2018-02-16 18:33:30,557 INFO o.a.j.t.JMeterThread: Thread finished: Thread Group 1-8
2018-02-16 18:33:30,558 INFO o.a.j.e.StandardJMeterEngine: Notifying test listeners of end of test
2018-02-16 18:33:30,559 INFO o.a.j.r.Summariser: summary +      2 in 00:00:00 =   15.4/s Avg:  1161 Min:  1117 Max:  1205 Err:     0 (0.00%) Active: 0 Started: 10 Finished: 10
2018-02-16 18:33:30,560 INFO o.a.j.r.Summariser: summary =     30 in 00:00:08 =    3.7/s Avg:  2059 Min:   891 Max:  3036 Err:     0 (0.00%)
2018-02-16 18:33:30,561 INFO o.a.j.JMeter: Generating Dashboard
2018-02-16 18:33:30,561 INFO o.a.j.r.d.ReportGenerator: Flushing result collector before report Generation
2018-02-16 18:33:30,583 INFO o.a.j.r.p.NormalizerSampleConsumer: Using format, 'ms', to parse timeStamp field
2018-02-16 18:33:30,665 INFO o.a.j.r.p.AbstractSampleConsumer: class org.apache.jmeter.report.processor.AggregateConsumer#stopProducing(): beginDate produced 0 samples
2018-02-16 18:33:30,665 INFO o.a.j.r.p.AbstractSampleConsumer: class org.apache.jmeter.report.processor.AggregateConsumer#stopProducing(): endDate produced 0 samples
2018-02-16 18:33:30,666 INFO o.a.j.r.p.AbstractSampleConsumer: class org.apache.jmeter.report.processor.ApdexSummaryConsumer#stopProducing(): apdexSummary produced 0 samples
2018-02-16 18:33:30,666 INFO o.a.j.r.p.AbstractSampleConsumer: class org.apache.jmeter.report.processor.RequestsSummaryConsumer#stopProducing(): requestsSummary produced 0 samples
2018-02-16 18:33:30,672 INFO o.a.j.r.p.AbstractSampleConsumer: class org.apache.jmeter.report.processor.StatisticsSummaryConsumer#stopProducing(): statisticsSummary produced 0 samples
2018-02-16 18:33:30,673 INFO o.a.j.r.p.AbstractSampleConsumer: class org.apache.jmeter.report.processor.Top5ErrorsBySamplerConsumer#stopProducing(): top5ErrorsBySampler produced 0 samples
2018-02-16 18:33:30,673 INFO o.a.j.r.p.AbstractSampleConsumer: class org.apache.jmeter.report.processor.ErrorsSummaryConsumer#stopProducing(): errorsSummary produced 0 samples
2018-02-16 18:33:30,673 INFO o.a.j.r.p.AbstractSampleConsumer: class org.apache.jmeter.report.processor.graph.impl.HitsPerSecondGraphConsumer#stopProducing(): hitsPerSecond produced 0 samples
2018-02-16 18:33:30,681 INFO o.a.j.r.p.AbstractSampleConsumer: class org.apache.jmeter.report.processor.graph.impl.LatencyVSRequestGraphConsumer#stopProducing(): latencyVsRequest produced 0 samples
2018-02-16 18:33:30,681 INFO o.a.j.r.p.AbstractSampleConsumer: class org.apache.jmeter.report.processor.graph.impl.SyntheticResponseTimeDistributionGraphConsumer#stopProducing(): syntheticResponseTimeDistribution produced 0 samples
2018-02-16 18:33:30,681 INFO o.a.j.r.p.AbstractSampleConsumer: class org.apache.jmeter.report.processor.graph.impl.BytesThroughputGraphConsumer#stopProducing(): bytesThroughputOverTime produced 0 samples
2018-02-16 18:33:30,681 INFO o.a.j.r.p.AbstractSampleConsumer: class org.apache.jmeter.report.processor.graph.impl.CodesPerSecondGraphConsumer#stopProducing(): codesPerSecond produced 0 samples
2018-02-16 18:33:30,684 INFO o.a.j.r.p.AbstractSampleConsumer: class org.apache.jmeter.report.processor.graph.impl.ResponseTimeVSRequestGraphConsumer#stopProducing(): responseTimeVsRequest produced 0 samples
2018-02-16 18:33:30,684 INFO o.a.j.r.p.AbstractSampleConsumer: class org.apache.jmeter.report.processor.FilterConsumer#stopProducing(): startIntervalControlerFilter produced 210 samples
2018-02-16 18:33:30,684 INFO o.a.j.r.p.AbstractSampleConsumer: class org.apache.jmeter.report.processor.graph.impl.ActiveThreadsGraphConsumer#stopProducing(): activeThreadsOverTime produced 0 samples
2018-02-16 18:33:30,684 INFO o.a.j.r.p.AbstractSampleConsumer: class org.apache.jmeter.report.processor.graph.impl.TimeVSThreadGraphConsumer#stopProducing(): timeVsThreads produced 0 samples
2018-02-16 18:33:30,685 INFO o.a.j.r.p.AbstractSampleConsumer: class org.apache.jmeter.report.processor.graph.impl.ResponseTimeDistributionGraphConsumer#stopProducing(): responseTimeDistribution produced 0 samples
2018-02-16 18:33:30,685 INFO o.a.j.r.p.AbstractSampleConsumer: class org.apache.jmeter.report.processor.graph.impl.TransactionsPerSecondGraphConsumer#stopProducing(): transactionsPerSecond produced 0 samples
2018-02-16 18:33:30,685 INFO o.a.j.r.p.AbstractSampleConsumer: class org.apache.jmeter.report.processor.graph.impl.ResponseTimePercentilesGraphConsumer#stopProducing(): responseTimePercentiles produced 0 samples
2018-02-16 18:33:30,686 INFO o.a.j.r.p.AbstractSampleConsumer: class org.apache.jmeter.report.processor.graph.impl.ResponseTimePercentilesOverTimeGraphConsumer#stopProducing(): responseTimePercentilesOverTime produced 0 samples
2018-02-16 18:33:30,687 INFO o.a.j.r.p.AbstractSampleConsumer: class org.apache.jmeter.report.processor.graph.impl.ResponseTimeOverTimeGraphConsumer#stopProducing(): responseTimesOverTime produced 0 samples
2018-02-16 18:33:30,687 INFO o.a.j.r.p.AbstractSampleConsumer: class org.apache.jmeter.report.processor.graph.impl.ConnectTimeOverTimeGraphConsumer#stopProducing(): connectTimeOverTime produced 0 samples
2018-02-16 18:33:30,687 INFO o.a.j.r.p.AbstractSampleConsumer: class org.apache.jmeter.report.processor.graph.impl.LatencyOverTimeGraphConsumer#stopProducing(): latenciesOverTime produced 0 samples
2018-02-16 18:33:30,687 INFO o.a.j.r.p.AbstractSampleConsumer: class org.apache.jmeter.report.processor.FilterConsumer#stopProducing(): nameFilter produced 420 samples
2018-02-16 18:33:30,687 INFO o.a.j.r.p.AbstractSampleConsumer: class org.apache.jmeter.report.processor.FilterConsumer#stopProducing(): dateRangeFilter produced 90 samples
2018-02-16 18:33:30,687 INFO o.a.j.r.p.AbstractSampleConsumer: class org.apache.jmeter.report.processor.NormalizerSampleConsumer#stopProducing(): normalizer produced 30 samples
2018-02-16 18:33:30,688 INFO o.a.j.r.p.CsvFileSampleSource: produce(): 30 samples produced in 78ms on channel 0
2018-02-16 18:33:30,688 INFO o.a.j.r.d.ReportGenerator: Exporting data using exporter:'html' of className:'org.apache.jmeter.report.dashboard.HtmlTemplateExporter'
2018-02-16 18:33:30,690 INFO o.a.j.r.d.HtmlTemplateExporter: Will generate dashboard in folder: /home/jallen/code/conferences/opensource101/./output
2018-02-16 18:33:30,771 INFO o.a.j.r.d.HtmlTemplateExporter: Report will be generated in: /home/jallen/code/conferences/opensource101/./output, creating folder structure
2018-02-16 18:33:31,082 INFO o.a.j.JMeter: Dashboard generated
